<?xml version="1.0" encoding="utf-8"?><testsuites name="pytest tests"><testsuite name="pytest" errors="0" failures="0" skipped="0" tests="8" time="18.266" timestamp="2026-04-15T15:08:46.313296+00:00" hostname="agent-env-e626e9eb-815b-449b-a751-1ad39c551d1e"><testcase classname="tests.test_travel_api.TestHealthCheck" name="test_api_root_accessible" time="0.307" /><testcase classname="tests.test_travel_api.TestSearchTripsEndpoint" name="test_search_trips_low_budget" time="10.973" /><testcase classname="tests.test_travel_api.TestSearchTripsEndpoint" name="test_search_trips_medium_budget" time="0.817" /><testcase classname="tests.test_travel_api.TestSearchTripsEndpoint" name="test_search_trips_high_budget" time="3.754" /><testcase classname="tests.test_travel_api.TestSearchTripsEndpoint" name="test_search_trips_validates_minimum_budget" time="0.234" /><testcase classname="tests.test_travel_api.TestSearchTripsEndpoint" name="test_search_trips_required_fields" time="0.312" /><testcase classname="tests.test_travel_api.TestSearchTripsEndpoint" name="test_no_hardcoded_destinations" time="1.263" /><testcase classname="tests.test_travel_api.TestResponseStructure" name="test_trip_structure_complete" time="0.405" /></testsuite></testsuites>