<?xml version="1.0" encoding="utf-8"?><testsuites name="pytest tests"><testsuite name="pytest" errors="0" failures="0" skipped="0" tests="10" time="114.993" timestamp="2026-04-15T17:18:40.111820+00:00" hostname="agent-env-e626e9eb-815b-449b-a751-1ad39c551d1e"><testcase classname="tests.test_travel_api.TestHealthCheck" name="test_api_root_returns_200" time="0.285" /><testcase classname="tests.test_travel_api.TestSearchTripsEndpoint" name="test_search_trips_barcelona_600_budget" time="10.505" /><testcase classname="tests.test_travel_api.TestSearchTripsEndpoint" name="test_search_trips_madrid_300_budget" time="10.504" /><testcase classname="tests.test_travel_api.TestSearchTripsEndpoint" name="test_search_trips_sevilla_350_budget" time="12.891" /><testcase classname="tests.test_travel_api.TestSearchTripsEndpoint" name="test_destinations_vary_by_origin_city" time="21.564" /><testcase classname="tests.test_travel_api.TestSearchTripsEndpoint" name="test_no_mock_data_lisboa_praga_hardcoded" time="31.476" /><testcase classname="tests.test_travel_api.TestValidation" name="test_minimum_budget_validation" time="0.224" /><testcase classname="tests.test_travel_api.TestValidation" name="test_missing_required_fields" time="0.181" /><testcase classname="tests.test_travel_api.TestResponseStructure" name="test_trip_includes_structure" time="9.645" /><testcase classname="tests.test_travel_api.TestResponseStructure" name="test_itinerary_is_list" time="17.471" /></testsuite></testsuites>